d:\concordia university\fifth year\winter semester\coen 432\project\code\truckandpackages\truckandpackages\truckandpackages\debug\vc141.pdb
d:\concordia university\fifth year\winter semester\coen 432\project\code\truckandpackages\truckandpackages\truckandpackages\debug\vc141.idb
d:\concordia university\fifth year\winter semester\coen 432\project\code\truckandpackages\truckandpackages\truckandpackages\debug\main.obj
d:\concordia university\fifth year\winter semester\coen 432\project\code\truckandpackages\truckandpackages\debug\truckandpackages.ilk
d:\concordia university\fifth year\winter semester\coen 432\project\code\truckandpackages\truckandpackages\debug\truckandpackages.exe
d:\concordia university\fifth year\winter semester\coen 432\project\code\truckandpackages\truckandpackages\debug\truckandpackages.pdb
d:\concordia university\fifth year\winter semester\coen 432\project\code\truckandpackages\truckandpackages\truckandpackages\debug\vcpkg.applocal.log
c:\users\gamingpc\documents\github\truckandpackages\truckandpackages\truckandpackages\debug\main.obj
c:\users\gamingpc\documents\github\truckandpackages\truckandpackages\truckandpackages\debug\vc141.idb
c:\users\gamingpc\documents\github\truckandpackages\truckandpackages\truckandpackages\debug\vc141.pdb
c:\users\gamingpc\documents\github\truckandpackages\truckandpackages\debug\truckandpackages.pdb
c:\users\gamingpc\documents\github\truckandpackages\truckandpackages\debug\truckandpackages.exe
c:\users\gamingpc\documents\github\truckandpackages\truckandpackages\debug\truckandpackages.ilk
c:\users\gamingpc\documents\github\truckandpackages\truckandpackages\truckandpackages\debug\truckandpackages.tlog\cl.command.1.tlog
c:\users\gamingpc\documents\github\truckandpackages\truckandpackages\truckandpackages\debug\truckandpackages.tlog\cl.read.1.tlog
c:\users\gamingpc\documents\github\truckandpackages\truckandpackages\truckandpackages\debug\truckandpackages.tlog\cl.write.1.tlog
c:\users\gamingpc\documents\github\truckandpackages\truckandpackages\truckandpackages\debug\truckandpackages.tlog\link.command.1.tlog
c:\users\gamingpc\documents\github\truckandpackages\truckandpackages\truckandpackages\debug\truckandpackages.tlog\link.read.1.tlog
c:\users\gamingpc\documents\github\truckandpackages\truckandpackages\truckandpackages\debug\truckandpackages.tlog\link.write.1.tlog
c:\users\gamingpc\documents\github\truckandpackages\truckandpackages\truckandpackages\debug\truckandpackages.tlog\truckandpackages.write.1u.tlog
